<?xml version="1.0" encoding="UTF-8"?>
<!-- Generated by org.testng.reporters.JUnitXMLReporter -->
<testsuite ignored="6" hostname="LAPTOP-P1K0C3AV" failures="0" tests="5" name="Test-Chrome" time="54.957" errors="0" timestamp="2021-12-28T14:12:24 IST">
  <testcase classname="com.crm.autodesk.concttest.CreateContctTest" name="contactCreate" time="6.818"/>
  <testcase classname="com.crm.autodesk.concttest.CreateContctTest" name="demo" time="0.001"/>
  <testcase classname="com.crm.autodesk.orgtest.CreateOrgWithIndustriesAndType" name="createOrg" time="7.005"/>
  <testcase classname="com.crm.autodesk.concttest.AddContactWithOrganisationAndVerify" name="contactWithOrganisation" time="13.419"/>
  <testcase classname="com.crm.autodesk.orgtest.CreateOrgTest" name="createOrg" time="6.673"/>
  <testcase classname="com.crm.autodesk.genericutility.BaseClass" name="@BeforeSuite dbConnection" time="0.0">
    <ignored/>
  </testcase> <!-- @BeforeSuite dbConnection -->
  <testcase classname="com.crm.autodesk.genericutility.BaseClass" name="@BeforeSuite dbConnection" time="0.0">
    <ignored/>
  </testcase> <!-- @BeforeSuite dbConnection -->
  <testcase classname="com.crm.autodesk.genericutility.BaseClass" name="@BeforeSuite dbConnection" time="0.0">
    <ignored/>
  </testcase> <!-- @BeforeSuite dbConnection -->
  <testcase classname="com.crm.autodesk.genericutility.BaseClass" name="@AfterSuite closeDbConnection" time="0.0">
    <ignored/>
  </testcase> <!-- @AfterSuite closeDbConnection -->
  <testcase classname="com.crm.autodesk.genericutility.BaseClass" name="@AfterSuite closeDbConnection" time="0.0">
    <ignored/>
  </testcase> <!-- @AfterSuite closeDbConnection -->
  <testcase classname="com.crm.autodesk.genericutility.BaseClass" name="@AfterSuite closeDbConnection" time="0.0">
    <ignored/>
  </testcase> <!-- @AfterSuite closeDbConnection -->
</testsuite> <!-- Test-Chrome -->
