<?xml version="1.0" encoding="UTF-8"?>
<!-- Generated by org.testng.reporters.JUnitReportReporter -->
<testsuite hostname="LAPTOP-P1K0C3AV" failures="0" tests="1" name="practice.ScrollHandling" time="3.662" errors="0" timestamp="2022-01-01T21:34:46 IST" skipped="0">
  <testcase classname="practice.ScrollHandling" name="scroll" time="3.662"/>
  <system-out/>
</testsuite> <!-- practice.ScrollHandling -->
