<?xml version="1.0" encoding="UTF-8"?>
<!-- Generated by org.testng.reporters.JUnitReportReporter -->
<testsuite hostname="LAPTOP-P1K0C3AV" failures="0" tests="5" name="practice.TestNGPracticeTest" time="0.010" errors="0" timestamp="2021-12-27T00:58:18 IST" skipped="0">
  <testcase classname="practice.TestNGPracticeTest" name="modifyCustomerTest" time="0.007"/>
  <system-out>
    <![CDATA[Customet Modified]]>
  </system-out>
  <testcase classname="practice.TestNGPracticeTest" name="deleteCustomerTest" time="0.001"/>
  <system-out>
    <![CDATA[User Deleted Successfully]]>
  </system-out>
  <testcase classname="practice.TestNGPracticeTest" name="createCustomerTest" time="0.000"/>
  <system-out>
    <![CDATA[Customer created]]>
  </system-out>
  <testcase classname="practice.TestNGPracticeTest" name="createCustomerTest" time="0.001"/>
  <system-out>
    <![CDATA[Customer created]]>
  </system-out>
  <testcase classname="practice.TestNGPracticeTest" name="createCustomerTest" time="0.001"/>
  <system-out>
    <![CDATA[Customer created]]>
  </system-out>
</testsuite> <!-- practice.TestNGPracticeTest -->
