<?xml version="1.0" encoding="UTF-8"?>
<!-- Generated by org.testng.reporters.JUnitReportReporter -->
<testsuite hostname="LAPTOP-P1K0C3AV" failures="0" tests="2" name="com.crm.autodesk.concttest.AddContactWithOrganisationAndVerify" time="31.878" errors="0" timestamp="2021-12-28T14:12:34 IST" skipped="0">
  <testcase classname="com.crm.autodesk.concttest.AddContactWithOrganisationAndVerify" name="contactWithOrganisation" time="15.943"/>
  <system-out/>
  <testcase classname="com.crm.autodesk.concttest.AddContactWithOrganisationAndVerify" name="contactWithOrganisation" time="15.935"/>
  <system-out/>
</testsuite> <!-- com.crm.autodesk.concttest.AddContactWithOrganisationAndVerify -->
