<?xml version="1.0" encoding="UTF-8"?>
<!-- Generated by org.testng.reporters.JUnitReportReporter -->
<testsuite hostname="LAPTOP-P1K0C3AV" failures="0" tests="3" name="practice.readDataFromDataProvider" time="0.003" errors="0" timestamp="2021-12-26T23:46:55 IST" skipped="0">
  <testcase classname="practice.readDataFromDataProvider" name="readDataFromDataProviderTest" time="0.001"/>
  <system-out/>
  <testcase classname="practice.readDataFromDataProvider" name="readDataFromDataProviderTest" time="0.001"/>
  <system-out/>
  <testcase classname="practice.readDataFromDataProvider" name="readDataFromDataProviderTest" time="0.001"/>
  <system-out/>
</testsuite> <!-- practice.readDataFromDataProvider -->
