<?xml version="1.0" encoding="UTF-8"?>
<!-- Generated by org.testng.reporters.JUnitReportReporter -->
<testsuite hostname="LAPTOP-P1K0C3AV" failures="0" tests="1" name="com.crm.autodesk.concttest.ContactTC_15" time="10.257" errors="0" timestamp="2022-01-09T18:17:41 IST" skipped="0">
  <testcase classname="com.crm.autodesk.concttest.ContactTC_15" name="tc15" time="10.257"/>
  <system-out/>
</testsuite> <!-- com.crm.autodesk.concttest.ContactTC_15 -->
