<?xml version="1.0" encoding="UTF-8"?>
<!-- Generated by org.testng.reporters.JUnitReportReporter -->
<testsuite hostname="LAPTOP-P1K0C3AV" failures="0" tests="4" name="com.crm.autodesk.concttest.CreateContctTest" time="26.766" errors="0" timestamp="2021-12-28T14:12:34 IST" skipped="0">
  <testcase classname="com.crm.autodesk.concttest.CreateContctTest" name="demo" time="2.711"/>
  <system-out/>
  <testcase classname="com.crm.autodesk.concttest.CreateContctTest" name="contactCreate" time="10.866"/>
  <system-out/>
  <testcase classname="com.crm.autodesk.concttest.CreateContctTest" name="demo" time="2.499"/>
  <system-out/>
  <testcase classname="com.crm.autodesk.concttest.CreateContctTest" name="contactCreate" time="10.690"/>
  <system-out/>
</testsuite> <!-- com.crm.autodesk.concttest.CreateContctTest -->
