<?xml version="1.0" encoding="UTF-8"?>
<!-- Generated by org.testng.reporters.JUnitReportReporter -->
<testsuite hostname="LAPTOP-P1K0C3AV" failures="0" tests="1" name="com.crm.autodesk.orgtest.CreateOrgTest" time="8.112" errors="0" timestamp="2022-01-09T18:13:53 IST" skipped="0">
  <testcase classname="com.crm.autodesk.orgtest.CreateOrgTest" name="createOrg" time="8.112"/>
  <system-out/>
</testsuite> <!-- com.crm.autodesk.orgtest.CreateOrgTest -->
