<?xml version="1.0" encoding="UTF-8"?>
<!-- Generated by org.testng.reporters.JUnitReportReporter -->
<testsuite hostname="LAPTOP-P1K0C3AV" failures="0" tests="1" name="com.crm.autodesk.concttest.AddContactWithOrganisationAndVerify" time="14.006" errors="0" timestamp="2022-01-09T18:17:41 IST" skipped="0">
  <testcase classname="com.crm.autodesk.concttest.AddContactWithOrganisationAndVerify" name="contactWithOrganisation" time="14.006"/>
  <system-out/>
</testsuite> <!-- com.crm.autodesk.concttest.AddContactWithOrganisationAndVerify -->
