<?xml version="1.0" encoding="UTF-8"?>
<!-- Generated by org.testng.reporters.JUnitReportReporter -->
<testsuite hostname="LAPTOP-P1K0C3AV" failures="0" tests="2" name="com.crm.autodesk.orgtest.CreateOrgTest" time="17.704" errors="0" timestamp="2021-12-28T14:12:34 IST" skipped="0">
  <testcase classname="com.crm.autodesk.orgtest.CreateOrgTest" name="createOrg" time="8.421"/>
  <system-out/>
  <testcase classname="com.crm.autodesk.orgtest.CreateOrgTest" name="createOrg" time="9.283"/>
  <system-out/>
</testsuite> <!-- com.crm.autodesk.orgtest.CreateOrgTest -->
