<?xml version="1.0" encoding="UTF-8"?>
<!-- Generated by org.testng.reporters.JUnitReportReporter -->
<testsuite hostname="LAPTOP-P1K0C3AV" failures="0" tests="1" name="com.crm.autodesk.concttest.ContactTC_16" time="5.249" errors="0" timestamp="2021-12-27T23:07:51 IST" skipped="0">
  <testcase classname="com.crm.autodesk.concttest.ContactTC_16" name="test16" time="5.249"/>
  <system-out/>
</testsuite> <!-- com.crm.autodesk.concttest.ContactTC_16 -->
