<?xml version="1.0" encoding="UTF-8"?>
<!-- Generated by org.testng.reporters.JUnitReportReporter -->
<testsuite hostname="LAPTOP-P1K0C3AV" failures="0" tests="2" name="com.crm.autodesk.concttest.CreateContctTest" time="11.317" errors="0" timestamp="2022-01-09T18:13:53 IST" skipped="0">
  <testcase classname="com.crm.autodesk.concttest.CreateContctTest" name="demo" time="3.698"/>
  <system-out/>
  <testcase classname="com.crm.autodesk.concttest.CreateContctTest" name="contactCreate" time="7.619"/>
  <system-out/>
</testsuite> <!-- com.crm.autodesk.concttest.CreateContctTest -->
