<?xml version="1.0" encoding="UTF-8"?>
<!-- Generated by org.testng.reporters.JUnitReportReporter -->
<testsuite hostname="LAPTOP-P1K0C3AV" failures="0" tests="1" name="com.crm.autodesk.concttest.ContactTC_15" time="10.384" errors="0" timestamp="2021-12-28T00:18:33 IST" skipped="0">
  <testcase classname="com.crm.autodesk.concttest.ContactTC_15" name="tc15" time="10.384"/>
  <system-out/>
</testsuite> <!-- com.crm.autodesk.concttest.ContactTC_15 -->
